2024-03-27 15:12:10,403 - DEBUG - Starting new HTTPS connection (1): weather.visualcrossing.com:443
2024-03-27 15:12:11,230 - DEBUG - https://weather.visualcrossing.com:443 "GET /VisualCrossingWebServices/rest/services/timeline/Apeldoorn/next7days?unitGroup=metric&elements=datetime%2Ctemp%2Cwinddir%2Cpressure&include=hours%2Ccurrent&key=ZW8NCV6JP8ZUGX33D769DJ693&contentType=json HTTP/1.1" 200 2053
2024-03-27 15:12:11,232 - DEBUG - Starting new HTTP connection (1): localhost:8000
2024-03-27 15:12:15,338 - ERROR - [run] Er is een fout opgetreden: HTTPConnectionPool(host='localhost', port=8000): Max retries exceeded with url: /metingen?api_key=test (Caused by NewConnectionError('<urllib3.connection.HTTPConnection object at 0x0000014DC57121B0>: Failed to establish a new connection: [WinError 10061] No connection could be made because the target machine actively refused it'))
2024-03-27 15:12:59,249 - DEBUG - Starting new HTTPS connection (1): weather.visualcrossing.com:443
2024-03-27 15:13:00,065 - DEBUG - https://weather.visualcrossing.com:443 "GET /VisualCrossingWebServices/rest/services/timeline/Apeldoorn/next7days?unitGroup=metric&elements=datetime%2Ctemp%2Cwinddir%2Cpressure&include=hours%2Ccurrent&key=ZW8NCV6JP8ZUGX33D769DJ693&contentType=json HTTP/1.1" 200 2053
2024-03-27 15:13:00,066 - DEBUG - Starting new HTTP connection (1): localhost:8000
2024-03-27 15:13:04,133 - ERROR - [run] Er is een fout opgetreden: HTTPConnectionPool(host='localhost', port=8000): Max retries exceeded with url: /metingen?api_key=b43ec08e-43e7-46e2-8685-462fbdfc9252 (Caused by NewConnectionError('<urllib3.connection.HTTPConnection object at 0x0000020B9731F380>: Failed to establish a new connection: [WinError 10061] No connection could be made because the target machine actively refused it'))
2024-03-27 15:14:35,268 - DEBUG - Starting new HTTPS connection (1): weather.visualcrossing.com:443
2024-03-27 15:14:36,094 - DEBUG - https://weather.visualcrossing.com:443 "GET /VisualCrossingWebServices/rest/services/timeline/Apeldoorn/next7days?unitGroup=metric&elements=datetime%2Ctemp%2Cwinddir%2Cpressure&include=hours%2Ccurrent&key=ZW8NCV6JP8ZUGX33D769DJ693&contentType=json HTTP/1.1" 200 2053
2024-03-27 15:14:36,097 - DEBUG - Starting new HTTP connection (1): localhost:8000
2024-03-27 15:14:38,465 - DEBUG - http://localhost:8000 "POST /metingen?api_key=b43ec08e-43e7-46e2-8685-462fbdfc9252 HTTP/1.1" 200 56
2024-03-27 15:14:38,473 - DEBUG - Starting new HTTP connection (1): localhost:8000
2024-03-27 15:14:40,601 - DEBUG - http://localhost:8000 "POST /metinguren?api_key=b43ec08e-43e7-46e2-8685-462fbdfc9252 HTTP/1.1" 200 16653
2024-03-27 15:14:40,602 - DEBUG - Starting new HTTP connection (1): localhost:8000
2024-03-27 15:14:42,702 - DEBUG - http://localhost:8000 "DELETE /metingen/Apeldoorn?api_key=b43ec08e-43e7-46e2-8685-462fbdfc9252 HTTP/1.1" 200 98
2024-03-27 15:14:42,704 - DEBUG - Starting new HTTP connection (1): localhost:8000
2024-03-27 15:14:44,819 - DEBUG - http://localhost:8000 "GET /metinguren/Apeldoorn?api_key=b43ec08e-43e7-46e2-8685-462fbdfc9252 HTTP/1.1" 200 16653
2024-03-27 15:14:44,821 - DEBUG - Starting new HTTP connection (1): localhost:8000
2024-03-27 15:14:46,940 - DEBUG - http://localhost:8000 "POST /voorspellingen?api_key=b43ec08e-43e7-46e2-8685-462fbdfc9252 HTTP/1.1" 200 56
2024-03-27 15:14:46,941 - DEBUG - Starting new HTTP connection (1): localhost:8000
2024-03-27 15:14:49,075 - DEBUG - http://localhost:8000 "POST /voorspellinguren?api_key=b43ec08e-43e7-46e2-8685-462fbdfc9252 HTTP/1.1" 200 17642
2024-03-27 15:14:49,076 - DEBUG - Starting new HTTP connection (1): localhost:8000
2024-03-27 15:14:51,243 - DEBUG - http://localhost:8000 "DELETE /voorspellingen/Apeldoorn?api_key=b43ec08e-43e7-46e2-8685-462fbdfc9252 HTTP/1.1" 200 98
2024-03-27 15:24:37,613 - DEBUG - Starting new HTTPS connection (1): weather.visualcrossing.com:443
2024-03-27 15:24:38,417 - DEBUG - https://weather.visualcrossing.com:443 "GET /VisualCrossingWebServices/rest/services/timeline/Apeldoorn/next7days?unitGroup=metric&elements=datetime%2Ctemp%2Cwinddir%2Cpressure&include=hours%2Ccurrent&key=ZW8NCV6JP8ZUGX33D769DJ693&contentType=json HTTP/1.1" 200 2057
2024-03-27 15:24:38,419 - DEBUG - Starting new HTTP connection (1): localhost:8000
2024-03-27 15:24:40,463 - ERROR - [API] Er is een fout opgetreden bij het toevoegen van een nieuwe meting: (sqlite3.OperationalError) no such table: locaties
[SQL: SELECT locaties."locatieId" AS "locaties_locatieId", locaties.locatie AS locaties_locatie 
FROM locaties 
WHERE locaties.locatie = ?
 LIMIT ? OFFSET ?]
[parameters: ('Apeldoorn', 1, 0)]
(Background on this error at: https://sqlalche.me/e/20/e3q8)
2024-03-27 15:24:40,466 - DEBUG - http://localhost:8000 "POST /metingen?api_key=b43ec08e-43e7-46e2-8685-462fbdfc9252 HTTP/1.1" 500 31
2024-03-27 15:24:40,466 - ERROR - [run] Er is een fout opgetreden: 500 Server Error: Internal Server Error for url: http://localhost:8000/metingen?api_key=b43ec08e-43e7-46e2-8685-462fbdfc9252
2024-03-27 15:25:11,034 - ERROR - [API] Er is een fout opgetreden bij get-request metinguren/Apeldoorn: (sqlite3.OperationalError) no such table: locaties
[SQL: SELECT locaties."locatieId" AS "locaties_locatieId", locaties.locatie AS locaties_locatie 
FROM locaties 
WHERE locaties.locatie = ?
 LIMIT ? OFFSET ?]
[parameters: ('Apeldoorn', 1, 0)]
(Background on this error at: https://sqlalche.me/e/20/e3q8)
2024-03-27 15:27:54,439 - ERROR - [API] Er is een fout opgetreden bij get-request metinguren/Apeldoorn: (sqlite3.OperationalError) no such table: locaties
[SQL: SELECT locaties."locatieId" AS "locaties_locatieId", locaties.locatie AS locaties_locatie 
FROM locaties 
WHERE locaties.locatie = ?
 LIMIT ? OFFSET ?]
[parameters: ('Apeldoorn', 1, 0)]
(Background on this error at: https://sqlalche.me/e/20/e3q8)
2024-03-27 15:30:50,223 - ERROR - [API] Er is een fout opgetreden bij get-request metinguren/Apeldoorn: (sqlite3.OperationalError) no such table: locaties
[SQL: SELECT locaties."locatieId" AS "locaties_locatieId", locaties.locatie AS locaties_locatie 
FROM locaties 
WHERE locaties.locatie = ?
 LIMIT ? OFFSET ?]
[parameters: ('Apeldoorn', 1, 0)]
(Background on this error at: https://sqlalche.me/e/20/e3q8)
2024-03-27 16:13:30,821 - WARNING - [API] 403: Request met een ongeldige API-sleutel.
2024-03-27 17:54:34,458 - WARNING - [API] 403: Request met een ongeldige API-sleutel.
2024-03-27 18:06:18,086 - WARNING - [API] 403: Request met een ongeldige API-sleutel.
2024-03-27 18:07:12,507 - WARNING - [API] 403: Request met een ongeldige API-sleutel.
2024-03-27 18:08:34,276 - DEBUG - Starting new HTTPS connection (1): weather.visualcrossing.com:443
2024-03-27 18:08:35,078 - DEBUG - https://weather.visualcrossing.com:443 "GET /VisualCrossingWebServices/rest/services/timeline/Apeldoorn/next7days?unitGroup=metric&elements=datetime%2Ctemp%2Cwinddir%2Cpressure&include=hours%2Ccurrent&key=ZW8NCV6JP8ZUGX33D769DJ693&contentType=json HTTP/1.1" 200 2051
2024-03-27 18:08:35,079 - DEBUG - Starting new HTTP connection (1): localhost:8000
2024-03-27 18:08:37,141 - DEBUG - http://localhost:8000 "POST /metingen?api_key=b43ec08e-43e7-46e2-8685-462fbdfc9252 HTTP/1.1" 404 34
2024-03-27 18:08:37,142 - ERROR - [run] Er is een fout opgetreden: 404 Client Error: Not Found for url: http://localhost:8000/metingen?api_key=b43ec08e-43e7-46e2-8685-462fbdfc9252
2024-03-27 18:09:09,155 - DEBUG - Starting new HTTPS connection (1): weather.visualcrossing.com:443
2024-03-27 18:09:09,951 - DEBUG - https://weather.visualcrossing.com:443 "GET /VisualCrossingWebServices/rest/services/timeline/Apeldoorn/next7days?unitGroup=metric&elements=datetime%2Ctemp%2Cwinddir%2Cpressure&include=hours%2Ccurrent&key=ZW8NCV6JP8ZUGX33D769DJ693&contentType=json HTTP/1.1" 200 2056
2024-03-27 18:09:09,953 - DEBUG - Starting new HTTP connection (1): localhost:8000
2024-03-27 18:09:12,023 - DEBUG - http://localhost:8000 "POST /metingen?api_key=b43ec08e-43e7-46e2-8685-462fbdfc9252 HTTP/1.1" 200 56
2024-03-27 18:09:12,030 - DEBUG - Starting new HTTP connection (1): localhost:8000
2024-03-27 18:09:14,083 - DEBUG - http://localhost:8000 "POST /metinguren?api_key=b43ec08e-43e7-46e2-8685-462fbdfc9252 HTTP/1.1" 200 16470
2024-03-27 18:09:14,084 - DEBUG - Starting new HTTP connection (1): localhost:8000
2024-03-27 18:09:16,127 - DEBUG - http://localhost:8000 "DELETE /metingen/Apeldoorn?api_key=b43ec08e-43e7-46e2-8685-462fbdfc9252 HTTP/1.1" 403 98
2024-03-27 18:09:16,128 - ERROR - [run] Er is een fout opgetreden: 403 Client Error: Forbidden for url: http://localhost:8000/metingen/Apeldoorn?api_key=b43ec08e-43e7-46e2-8685-462fbdfc9252
2024-03-27 18:12:40,949 - ERROR - [API] Er is een fout opgetreden bij het post-request /locaties: (sqlite3.IntegrityError) UNIQUE constraint failed: locaties.locatieId
[SQL: INSERT INTO locaties ("locatieId", locatie) VALUES (?, ?)]
[parameters: (1, 'Hans')]
(Background on this error at: https://sqlalche.me/e/20/gkpj)
